C:\USERS\USER\DESKTOP\HW\HW1_PARTC\DEBUG\HW1_PARTC.EXE
C:\USERS\USER\DESKTOP\HW\HW1_PARTC\DEBUG\HW1_PARTC.ILK
C:\USERS\USER\DESKTOP\HW\HW1_PARTC\DEBUG\HW1_PARTC.PDB
C:\USERS\USER\DESKTOP\HW\HW1_PARTC\HW1_PARTC\DEBUG\BOUNCINGPOLYGONS.OBJ
C:\USERS\USER\DESKTOP\HW\HW1_PARTC\HW1_PARTC\DEBUG\HW1_PARTC.EXE.INTERMEDIATE.MANIFEST
C:\USERS\USER\DESKTOP\HW\HW1_PARTC\HW1_PARTC\DEBUG\MAIN.OBJ
C:\USERS\USER\DESKTOP\HW\HW1_PARTC\HW1_PARTC\DEBUG\SHOWIMG.OBJ
C:\USERS\USER\DESKTOP\HW\HW1_PARTC\HW1_PARTC\DEBUG\VC100.PDB
C:\USERS\USER\DESKTOP\HW1_PARTC\HW1_PARTC\DEBUG\VC100.PDB
C:\USERS\USER\DESKTOP\LAB\COURSE\計算攝影學\HW\HW1\HW1_PARTC\DEBUG\HW1_PARTC.EXE
C:\USERS\USER\DESKTOP\LAB\COURSE\計算攝影學\HW\HW1\HW1_PARTC\DEBUG\HW1_PARTC.ILK
C:\USERS\USER\DESKTOP\LAB\COURSE\計算攝影學\HW\HW1\HW1_PARTC\DEBUG\HW1_PARTC.PDB
C:\USERS\USER\DESKTOP\LAB\COURSE\計算攝影學\HW\HW1\HW1_PARTC\HW1_PARTC\DEBUG\BOUNCINGPOLYGONS.OBJ
C:\Users\User\Desktop\lab\course\計算攝影學\HW\HW1\HW1_partC\HW1_partC\Debug\cl.command.1.tlog
C:\Users\User\Desktop\lab\course\計算攝影學\HW\HW1\HW1_partC\HW1_partC\Debug\CL.read.1.tlog
C:\Users\User\Desktop\lab\course\計算攝影學\HW\HW1\HW1_partC\HW1_partC\Debug\CL.write.1.tlog
C:\USERS\USER\DESKTOP\LAB\COURSE\計算攝影學\HW\HW1\HW1_PARTC\HW1_PARTC\DEBUG\HW1_PARTC.EXE.INTERMEDIATE.MANIFEST
C:\Users\User\Desktop\lab\course\計算攝影學\HW\HW1\HW1_partC\HW1_partC\Debug\HW1_partC.vcxprojResolveAssemblyReference.cache
C:\Users\User\Desktop\lab\course\計算攝影學\HW\HW1\HW1_partC\HW1_partC\Debug\HW1_partC.write.1.tlog
C:\Users\User\Desktop\lab\course\計算攝影學\HW\HW1\HW1_partC\HW1_partC\Debug\link.command.1.tlog
C:\Users\User\Desktop\lab\course\計算攝影學\HW\HW1\HW1_partC\HW1_partC\Debug\link.read.1.tlog
C:\Users\User\Desktop\lab\course\計算攝影學\HW\HW1\HW1_partC\HW1_partC\Debug\link.read.2.tlog
C:\Users\User\Desktop\lab\course\計算攝影學\HW\HW1\HW1_partC\HW1_partC\Debug\link.write.1.tlog
C:\USERS\USER\DESKTOP\LAB\COURSE\計算攝影學\HW\HW1\HW1_PARTC\HW1_PARTC\DEBUG\MAIN.OBJ
C:\Users\User\Desktop\lab\course\計算攝影學\HW\HW1\HW1_partC\HW1_partC\Debug\mt.command.1.tlog
C:\Users\User\Desktop\lab\course\計算攝影學\HW\HW1\HW1_partC\HW1_partC\Debug\mt.read.1.tlog
C:\Users\User\Desktop\lab\course\計算攝影學\HW\HW1\HW1_partC\HW1_partC\Debug\mt.write.1.tlog
C:\USERS\USER\DESKTOP\LAB\COURSE\計算攝影學\HW\HW1\HW1_PARTC\HW1_PARTC\DEBUG\SHOWIMG.OBJ
C:\Users\User\Desktop\lab\course\計算攝影學\HW\HW1\HW1_partC\HW1_partC\Debug\vc100.idb
C:\USERS\USER\DESKTOP\LAB\COURSE\計算攝影學\HW\HW1\HW1_PARTC\HW1_PARTC\DEBUG\VC100.PDB
